  AESProject.cpp
C:\Users\Andrew\Documents\COMP535\AES\Image-Encryption-AES\Image Encryption AES\AESProject.cpp(20,11): warning C4838: conversion from 'int' to 'char' requires a narrowing conversion
C:\Users\Andrew\Documents\COMP535\AES\Image-Encryption-AES\Image Encryption AES\AESProject.cpp(20,11): warning C4309: 'initializing': truncation of constant value
C:\Users\Andrew\Documents\COMP535\AES\Image-Encryption-AES\Image Encryption AES\AESProject.cpp(20,17): warning C4838: conversion from 'int' to 'char' requires a narrowing conversion
C:\Users\Andrew\Documents\COMP535\AES\Image-Encryption-AES\Image Encryption AES\AESProject.cpp(20,17): warning C4309: 'initializing': truncation of constant value
C:\Users\Andrew\Documents\COMP535\AES\Image-Encryption-AES\Image Encryption AES\AESProject.cpp(20,23): warning C4838: conversion from 'int' to 'char' requires a narrowing conversion
C:\Users\Andrew\Documents\COMP535\AES\Image-Encryption-AES\Image Encryption AES\AESProject.cpp(20,23): warning C4309: 'initializing': truncation of constant value
C:\Users\Andrew\Documents\COMP535\AES\Image-Encryption-AES\Image Encryption AES\AESProject.cpp(21,5): warning C4838: conversion from 'int' to 'char' requires a narrowing conversion
C:\Users\Andrew\Documents\COMP535\AES\Image-Encryption-AES\Image Encryption AES\AESProject.cpp(21,5): warning C4309: 'initializing': truncation of constant value
C:\Users\Andrew\Documents\COMP535\AES\Image-Encryption-AES\Image Encryption AES\AESProject.cpp(21,11): warning C4838: conversion from 'int' to 'char' requires a narrowing conversion
C:\Users\Andrew\Documents\COMP535\AES\Image-Encryption-AES\Image Encryption AES\AESProject.cpp(21,11): warning C4309: 'initializing': truncation of constant value
C:\Users\Andrew\Documents\COMP535\AES\Image-Encryption-AES\Image Encryption AES\AESProject.cpp(21,23): warning C4838: conversion from 'int' to 'char' requires a narrowing conversion
C:\Users\Andrew\Documents\COMP535\AES\Image-Encryption-AES\Image Encryption AES\AESProject.cpp(21,23): warning C4309: 'initializing': truncation of constant value
C:\Users\Andrew\Documents\COMP535\AES\Image-Encryption-AES\Image Encryption AES\AESProject.cpp(22,11): warning C4838: conversion from 'int' to 'char' requires a narrowing conversion
C:\Users\Andrew\Documents\COMP535\AES\Image-Encryption-AES\Image Encryption AES\AESProject.cpp(22,11): warning C4309: 'initializing': truncation of constant value
C:\Users\Andrew\Documents\COMP535\AES\Image-Encryption-AES\Image Encryption AES\AESProject.cpp(52,6): warning C4838: conversion from 'int' to 'char' requires a narrowing conversion
C:\Users\Andrew\Documents\COMP535\AES\Image-Encryption-AES\Image Encryption AES\AESProject.cpp(52,6): warning C4309: 'initializing': truncation of constant value
C:\Users\Andrew\Documents\COMP535\AES\Image-Encryption-AES\Image Encryption AES\AESProject.cpp(101,54): warning C4267: 'argument': conversion from 'size_t' to 'const int', possible loss of data
C:\Users\Andrew\Documents\COMP535\AES\Image-Encryption-AES\Image Encryption AES\AESProject.cpp(121,32): warning C4838: conversion from 'int' to 'char' requires a narrowing conversion
C:\Users\Andrew\Documents\COMP535\AES\Image-Encryption-AES\Image Encryption AES\AESProject.cpp(121,32): warning C4309: 'initializing': truncation of constant value
C:\Users\Andrew\Documents\COMP535\AES\Image-Encryption-AES\Image Encryption AES\AESProject.cpp(121,38): warning C4838: conversion from 'int' to 'char' requires a narrowing conversion
C:\Users\Andrew\Documents\COMP535\AES\Image-Encryption-AES\Image Encryption AES\AESProject.cpp(121,38): warning C4309: 'initializing': truncation of constant value
C:\Users\Andrew\Documents\COMP535\AES\Image-Encryption-AES\Image Encryption AES\AESProject.cpp(213,44): warning C4267: 'initializing': conversion from 'size_t' to 'int', possible loss of data
C:\Users\Andrew\Documents\COMP535\AES\Image-Encryption-AES\Image Encryption AES\AESProject.cpp(236,44): warning C4267: 'initializing': conversion from 'size_t' to 'int', possible loss of data
C:\Users\Andrew\Documents\COMP535\AES\Image-Encryption-AES\Image Encryption AES\AESProject.cpp(263,34): warning C4838: conversion from 'int' to 'const char' requires a narrowing conversion
C:\Users\Andrew\Documents\COMP535\AES\Image-Encryption-AES\Image Encryption AES\AESProject.cpp(263,34): warning C4309: 'initializing': truncation of constant value
C:\Users\Andrew\Documents\COMP535\AES\Image-Encryption-AES\Image Encryption AES\AESProject.cpp(263,52): warning C4838: conversion from 'int' to 'const char' requires a narrowing conversion
C:\Users\Andrew\Documents\COMP535\AES\Image-Encryption-AES\Image Encryption AES\AESProject.cpp(263,52): warning C4309: 'initializing': truncation of constant value
C:\Users\Andrew\Documents\COMP535\AES\Image-Encryption-AES\Image Encryption AES\AESProject.cpp(263,82): warning C4838: conversion from 'int' to 'const char' requires a narrowing conversion
C:\Users\Andrew\Documents\COMP535\AES\Image-Encryption-AES\Image Encryption AES\AESProject.cpp(263,82): warning C4309: 'initializing': truncation of constant value
C:\Users\Andrew\Documents\COMP535\AES\Image-Encryption-AES\Image Encryption AES\AESProject.cpp(263,88): warning C4838: conversion from 'int' to 'const char' requires a narrowing conversion
C:\Users\Andrew\Documents\COMP535\AES\Image-Encryption-AES\Image Encryption AES\AESProject.cpp(263,88): warning C4309: 'initializing': truncation of constant value
C:\Users\Andrew\Documents\COMP535\AES\Image-Encryption-AES\Image Encryption AES\AESProject.cpp(263,94): warning C4838: conversion from 'int' to 'const char' requires a narrowing conversion
C:\Users\Andrew\Documents\COMP535\AES\Image-Encryption-AES\Image Encryption AES\AESProject.cpp(263,94): warning C4309: 'initializing': truncation of constant value
C:\Users\Andrew\Documents\COMP535\AES\Image-Encryption-AES\Image Encryption AES\AESProject.cpp(264,10): warning C4838: conversion from 'int' to 'const char' requires a narrowing conversion
C:\Users\Andrew\Documents\COMP535\AES\Image-Encryption-AES\Image Encryption AES\AESProject.cpp(264,10): warning C4309: 'initializing': truncation of constant value
C:\Users\Andrew\Documents\COMP535\AES\Image-Encryption-AES\Image Encryption AES\AESProject.cpp(264,16): warning C4838: conversion from 'int' to 'const char' requires a narrowing conversion
C:\Users\Andrew\Documents\COMP535\AES\Image-Encryption-AES\Image Encryption AES\AESProject.cpp(264,16): warning C4309: 'initializing': truncation of constant value
C:\Users\Andrew\Documents\COMP535\AES\Image-Encryption-AES\Image Encryption AES\AESProject.cpp(264,22): warning C4838: conversion from 'int' to 'const char' requires a narrowing conversion
C:\Users\Andrew\Documents\COMP535\AES\Image-Encryption-AES\Image Encryption AES\AESProject.cpp(264,22): warning C4309: 'initializing': truncation of constant value
C:\Users\Andrew\Documents\COMP535\AES\Image-Encryption-AES\Image Encryption AES\AESProject.cpp(264,34): warning C4838: conversion from 'int' to 'const char' requires a narrowing conversion
C:\Users\Andrew\Documents\COMP535\AES\Image-Encryption-AES\Image Encryption AES\AESProject.cpp(264,34): warning C4309: 'initializing': truncation of constant value
C:\Users\Andrew\Documents\COMP535\AES\Image-Encryption-AES\Image Encryption AES\AESProject.cpp(264,52): warning C4838: conversion from 'int' to 'const char' requires a narrowing conversion
C:\Users\Andrew\Documents\COMP535\AES\Image-Encryption-AES\Image Encryption AES\AESProject.cpp(264,52): warning C4309: 'initializing': truncation of constant value
C:\Users\Andrew\Documents\COMP535\AES\Image-Encryption-AES\Image Encryption AES\AESProject.cpp(264,58): warning C4838: conversion from 'int' to 'const char' requires a narrowing conversion
C:\Users\Andrew\Documents\COMP535\AES\Image-Encryption-AES\Image Encryption AES\AESProject.cpp(264,58): warning C4309: 'initializing': truncation of constant value
C:\Users\Andrew\Documents\COMP535\AES\Image-Encryption-AES\Image Encryption AES\AESProject.cpp(264,64): warning C4838: conversion from 'int' to 'const char' requires a narrowing conversion
C:\Users\Andrew\Documents\COMP535\AES\Image-Encryption-AES\Image Encryption AES\AESProject.cpp(264,64): warning C4309: 'initializing': truncation of constant value
C:\Users\Andrew\Documents\COMP535\AES\Image-Encryption-AES\Image Encryption AES\AESProject.cpp(264,70): warning C4838: conversion from 'int' to 'const char' requires a narrowing conversion
C:\Users\Andrew\Documents\COMP535\AES\Image-Encryption-AES\Image Encryption AES\AESProject.cpp(264,70): warning C4309: 'initializing': truncation of constant value
C:\Users\Andrew\Documents\COMP535\AES\Image-Encryption-AES\Image Encryption AES\AESProject.cpp(264,76): warning C4838: conversion from 'int' to 'const char' requires a narrowing conversion
C:\Users\Andrew\Documents\COMP535\AES\Image-Encryption-AES\Image Encryption AES\AESProject.cpp(264,76): warning C4309: 'initializing': truncation of constant value
C:\Users\Andrew\Documents\COMP535\AES\Image-Encryption-AES\Image Encryption AES\AESProject.cpp(264,82): warning C4838: conversion from 'int' to 'const char' requires a narrowing conversion
C:\Users\Andrew\Documents\COMP535\AES\Image-Encryption-AES\Image Encryption AES\AESProject.cpp(264,82): warning C4309: 'initializing': truncation of constant value
C:\Users\Andrew\Documents\COMP535\AES\Image-Encryption-AES\Image Encryption AES\AESProject.cpp(264,88): warning C4838: conversion from 'int' to 'const char' requires a narrowing conversion
C:\Users\Andrew\Documents\COMP535\AES\Image-Encryption-AES\Image Encryption AES\AESProject.cpp(264,88): warning C4309: 'initializing': truncation of constant value
C:\Users\Andrew\Documents\COMP535\AES\Image-Encryption-AES\Image Encryption AES\AESProject.cpp(264,100): warning C4838: conversion from 'int' to 'const char' requires a narrowing conversion
C:\Users\Andrew\Documents\COMP535\AES\Image-Encryption-AES\Image Encryption AES\AESProject.cpp(264,100): warning C4309: 'initializing': truncation of constant value
C:\Users\Andrew\Documents\COMP535\AES\Image-Encryption-AES\Image Encryption AES\AESProject.cpp(265,10): warning C4838: conversion from 'int' to 'const char' requires a narrowing conversion
C:\Users\Andrew\Documents\COMP535\AES\Image-Encryption-AES\Image Encryption AES\AESProject.cpp(265,10): warning C4309: 'initializing': truncation of constant value
C:\Users\Andrew\Documents\COMP535\AES\Image-Encryption-AES\Image Encryption AES\AESProject.cpp(265,16): warning C4838: conversion from 'int' to 'const char' requires a narrowing conversion
C:\Users\Andrew\Documents\COMP535\AES\Image-Encryption-AES\Image Encryption AES\AESProject.cpp(265,16): warning C4309: 'initializing': truncation of constant value
C:\Users\Andrew\Documents\COMP535\AES\Image-Encryption-AES\Image Encryption AES\AESProject.cpp(265,22): warning C4838: conversion from 'int' to 'const char' requires a narrowing conversion
C:\Users\Andrew\Documents\COMP535\AES\Image-Encryption-AES\Image Encryption AES\AESProject.cpp(265,22): warning C4309: 'initializing': truncation of constant value
C:\Users\Andrew\Documents\COMP535\AES\Image-Encryption-AES\Image Encryption AES\AESProject.cpp(265,46): warning C4838: conversion from 'int' to 'const char' requires a narrowing conversion
C:\Users\Andrew\Documents\COMP535\AES\Image-Encryption-AES\Image Encryption AES\AESProject.cpp(265,46): warning C4309: 'initializing': truncation of constant value
C:\Users\Andrew\Documents\COMP535\AES\Image-Encryption-AES\Image Encryption AES\AESProject.cpp(265,52): warning C4838: conversion from 'int' to 'const char' requires a narrowing conversion
C:\Users\Andrew\Documents\COMP535\AES\Image-Encryption-AES\Image Encryption AES\AESProject.cpp(265,52): warning C4309: 'initializing': truncation of constant value
C:\Users\Andrew\Documents\COMP535\AES\Image-Encryption-AES\Image Encryption AES\AESProject.cpp(265,64): warning C4838: conversion from 'int' to 'const char' requires a narrowing conversion
C:\Users\Andrew\Documents\COMP535\AES\Image-Encryption-AES\Image Encryption AES\AESProject.cpp(265,64): warning C4309: 'initializing': truncation of constant value
C:\Users\Andrew\Documents\COMP535\AES\Image-Encryption-AES\Image Encryption AES\AESProject.cpp(265,70): warning C4838: conversion from 'int' to 'const char' requires a narrowing conversion
C:\Users\Andrew\Documents\COMP535\AES\Image-Encryption-AES\Image Encryption AES\AESProject.cpp(265,70): warning C4309: 'initializing': truncation of constant value
C:\Users\Andrew\Documents\COMP535\AES\Image-Encryption-AES\Image Encryption AES\AESProject.cpp(265,76): warning C4838: conversion from 'int' to 'const char' requires a narrowing conversion
C:\Users\Andrew\Documents\COMP535\AES\Image-Encryption-AES\Image Encryption AES\AESProject.cpp(265,76): warning C4309: 'initializing': truncation of constant value
C:\Users\Andrew\Documents\COMP535\AES\Image-Encryption-AES\Image Encryption AES\AESProject.cpp(265,88): warning C4838: conversion from 'int' to 'const char' requires a narrowing conversion
C:\Users\Andrew\Documents\COMP535\AES\Image-Encryption-AES\Image Encryption AES\AESProject.cpp(265,88): warning C4309: 'initializing': truncation of constant value
C:\Users\Andrew\Documents\COMP535\AES\Image-Encryption-AES\Image Encryption AES\AESProject.cpp(266,16): warning C4838: conversion from 'int' to 'const char' requires a narrowing conversion
C:\Users\Andrew\Documents\COMP535\AES\Image-Encryption-AES\Image Encryption AES\AESProject.cpp(266,16): warning C4309: 'initializing': truncation of constant value
C:\Users\Andrew\Documents\COMP535\AES\Image-Encryption-AES\Image Encryption AES\AESProject.cpp(266,28): warning C4838: conversion from 'int' to 'const char' requires a narrowing conversion
C:\Users\Andrew\Documents\COMP535\AES\Image-Encryption-AES\Image Encryption AES\AESProject.cpp(266,28): warning C4309: 'initializing': truncation of constant value
C:\Users\Andrew\Documents\COMP535\AES\Image-Encryption-AES\Image Encryption AES\AESProject.cpp(266,40): warning C4838: conversion from 'int' to 'const char' requires a narrowing conversion
C:\Users\Andrew\Documents\COMP535\AES\Image-Encryption-AES\Image Encryption AES\AESProject.cpp(266,40): warning C4309: 'initializing': truncation of constant value
C:\Users\Andrew\Documents\COMP535\AES\Image-Encryption-AES\Image Encryption AES\AESProject.cpp(266,52): warning C4838: conversion from 'int' to 'const char' requires a narrowing conversion
C:\Users\Andrew\Documents\COMP535\AES\Image-Encryption-AES\Image Encryption AES\AESProject.cpp(266,52): warning C4309: 'initializing': truncation of constant value
C:\Users\Andrew\Documents\COMP535\AES\Image-Encryption-AES\Image Encryption AES\AESProject.cpp(266,70): warning C4838: conversion from 'int' to 'const char' requires a narrowing conversion
C:\Users\Andrew\Documents\COMP535\AES\Image-Encryption-AES\Image Encryption AES\AESProject.cpp(266,70): warning C4309: 'initializing': truncation of constant value
C:\Users\Andrew\Documents\COMP535\AES\Image-Encryption-AES\Image Encryption AES\AESProject.cpp(266,76): warning C4838: conversion from 'int' to 'const char' requires a narrowing conversion
C:\Users\Andrew\Documents\COMP535\AES\Image-Encryption-AES\Image Encryption AES\AESProject.cpp(266,76): warning C4309: 'initializing': truncation of constant value
C:\Users\Andrew\Documents\COMP535\AES\Image-Encryption-AES\Image Encryption AES\AESProject.cpp(266,82): warning C4838: conversion from 'int' to 'const char' requires a narrowing conversion
C:\Users\Andrew\Documents\COMP535\AES\Image-Encryption-AES\Image Encryption AES\AESProject.cpp(266,82): warning C4309: 'initializing': truncation of constant value
C:\Users\Andrew\Documents\COMP535\AES\Image-Encryption-AES\Image Encryption AES\AESProject.cpp(266,94): warning C4838: conversion from 'int' to 'const char' requires a narrowing conversion
C:\Users\Andrew\Documents\COMP535\AES\Image-Encryption-AES\Image Encryption AES\AESProject.cpp(266,94): warning C4309: 'initializing': truncation of constant value
C:\Users\Andrew\Documents\COMP535\AES\Image-Encryption-AES\Image Encryption AES\AESProject.cpp(267,16): warning C4838: conversion from 'int' to 'const char' requires a narrowing conversion
C:\Users\Andrew\Documents\COMP535\AES\Image-Encryption-AES\Image Encryption AES\AESProject.cpp(267,16): warning C4309: 'initializing': truncation of constant value
C:\Users\Andrew\Documents\COMP535\AES\Image-Encryption-AES\Image Encryption AES\AESProject.cpp(267,52): warning C4838: conversion from 'int' to 'const char' requires a narrowing conversion
C:\Users\Andrew\Documents\COMP535\AES\Image-Encryption-AES\Image Encryption AES\AESProject.cpp(267,52): warning C4309: 'initializing': truncation of constant value
C:\Users\Andrew\Documents\COMP535\AES\Image-Encryption-AES\Image Encryption AES\AESProject.cpp(267,70): warning C4838: conversion from 'int' to 'const char' requires a narrowing conversion
C:\Users\Andrew\Documents\COMP535\AES\Image-Encryption-AES\Image Encryption AES\AESProject.cpp(267,70): warning C4309: 'initializing': truncation of constant value
C:\Users\Andrew\Documents\COMP535\AES\Image-Encryption-AES\Image Encryption AES\AESProject.cpp(267,76): warning C4838: conversion from 'int' to 'const char' requires a narrowing conversion
C:\Users\Andrew\Documents\COMP535\AES\Image-Encryption-AES\Image Encryption AES\AESProject.cpp(267,76): warning C4309: 'initializing': truncation of constant value
C:\Users\Andrew\Documents\COMP535\AES\Image-Encryption-AES\Image Encryption AES\AESProject.cpp(267,88): warning C4838: conversion from 'int' to 'const char' requires a narrowing conversion
C:\Users\Andrew\Documents\COMP535\AES\Image-Encryption-AES\Image Encryption AES\AESProject.cpp(267,88): warning C4309: 'initializing': truncation of constant value
C:\Users\Andrew\Documents\COMP535\AES\Image-Encryption-AES\Image Encryption AES\AESProject.cpp(267,100): warning C4838: conversion from 'int' to 'const char' requires a narrowing conversion
C:\Users\Andrew\Documents\COMP535\AES\Image-Encryption-AES\Image Encryption AES\AESProject.cpp(267,100): warning C4309: 'initializing': truncation of constant value
C:\Users\Andrew\Documents\COMP535\AES\Image-Encryption-AES\Image Encryption AES\AESProject.cpp(268,16): warning C4838: conversion from 'int' to 'const char' requires a narrowing conversion
C:\Users\Andrew\Documents\COMP535\AES\Image-Encryption-AES\Image Encryption AES\AESProject.cpp(268,16): warning C4309: 'initializing': truncation of constant value
C:\Users\Andrew\Documents\COMP535\AES\Image-Encryption-AES\Image Encryption AES\AESProject.cpp(268,28): warning C4838: conversion from 'int' to 'const char' requires a narrowing conversion
C:\Users\Andrew\Documents\COMP535\AES\Image-Encryption-AES\Image Encryption AES\AESProject.cpp(268,28): warning C4309: 'initializing': truncation of constant value
C:\Users\Andrew\Documents\COMP535\AES\Image-Encryption-AES\Image Encryption AES\AESProject.cpp(268,40): warning C4838: conversion from 'int' to 'const char' requires a narrowing conversion
C:\Users\Andrew\Documents\COMP535\AES\Image-Encryption-AES\Image Encryption AES\AESProject.cpp(268,40): warning C4309: 'initializing': truncation of constant value
C:\Users\Andrew\Documents\COMP535\AES\Image-Encryption-AES\Image Encryption AES\AESProject.cpp(268,46): warning C4838: conversion from 'int' to 'const char' requires a narrowing conversion
C:\Users\Andrew\Documents\COMP535\AES\Image-Encryption-AES\Image Encryption AES\AESProject.cpp(268,46): warning C4309: 'initializing': truncation of constant value
C:\Users\Andrew\Documents\COMP535\AES\Image-Encryption-AES\Image Encryption AES\AESProject.cpp(268,64): warning C4838: conversion from 'int' to 'const char' requires a narrowing conversion
C:\Users\Andrew\Documents\COMP535\AES\Image-Encryption-AES\Image Encryption AES\AESProject.cpp(268,64): warning C4309: 'initializing': truncation of constant value
C:\Users\Andrew\Documents\COMP535\AES\Image-Encryption-AES\Image Encryption AES\AESProject.cpp(268,70): warning C4838: conversion from 'int' to 'const char' requires a narrowing conversion
C:\Users\Andrew\Documents\COMP535\AES\Image-Encryption-AES\Image Encryption AES\AESProject.cpp(268,70): warning C4309: 'initializing': truncation of constant value
C:\Users\Andrew\Documents\COMP535\AES\Image-Encryption-AES\Image Encryption AES\AESProject.cpp(268,100): warning C4838: conversion from 'int' to 'const char' requires a narrowing conversion
C:\Users\Andrew\Documents\COMP535\AES\Image-Encryption-AES\Image Encryption AES\AESProject.cpp(268,100): warning C4309: 'initializing': truncation of constant value
C:\Users\Andrew\Documents\COMP535\AES\Image-Encryption-AES\Image Encryption AES\AESProject.cpp(269,10): warning C4838: conversion from 'int' to 'const char' requires a narrowing conversion
C:\Users\Andrew\Documents\COMP535\AES\Image-Encryption-AES\Image Encryption AES\AESProject.cpp(269,10): warning C4309: 'initializing': truncation of constant value
C:\Users\Andrew\Documents\COMP535\AES\Image-Encryption-AES\Image Encryption AES\AESProject.cpp(269,16): warning C4838: conversion from 'int' to 'const char' requires a narrowing conversion
C:\Users\Andrew\Documents\COMP535\AES\Image-Encryption-AES\Image Encryption AES\AESProject.cpp(269,16): warning C4309: 'initializing': truncation of constant value
C:\Users\Andrew\Documents\COMP535\AES\Image-Encryption-AES\Image Encryption AES\AESProject.cpp(269,22): warning C4838: conversion from 'int' to 'const char' requires a narrowing conversion
C:\Users\Andrew\Documents\COMP535\AES\Image-Encryption-AES\Image Encryption AES\AESProject.cpp(269,22): warning C4309: 'initializing': truncation of constant value
C:\Users\Andrew\Documents\COMP535\AES\Image-Encryption-AES\Image Encryption AES\AESProject.cpp(269,28): warning C4838: conversion from 'int' to 'const char' requires a narrowing conversion
C:\Users\Andrew\Documents\COMP535\AES\Image-Encryption-AES\Image Encryption AES\AESProject.cpp(269,28): warning C4309: 'initializing': truncation of constant value
C:\Users\Andrew\Documents\COMP535\AES\Image-Encryption-AES\Image Encryption AES\AESProject.cpp(269,52): warning C4838: conversion from 'int' to 'const char' requires a narrowing conversion
C:\Users\Andrew\Documents\COMP535\AES\Image-Encryption-AES\Image Encryption AES\AESProject.cpp(269,52): warning C4309: 'initializing': truncation of constant value
C:\Users\Andrew\Documents\COMP535\AES\Image-Encryption-AES\Image Encryption AES\AESProject.cpp(269,64): warning C4838: conversion from 'int' to 'const char' requires a narrowing conversion
C:\Users\Andrew\Documents\COMP535\AES\Image-Encryption-AES\Image Encryption AES\AESProject.cpp(269,64): warning C4309: 'initializing': truncation of constant value
C:\Users\Andrew\Documents\COMP535\AES\Image-Encryption-AES\Image Encryption AES\AESProject.cpp(269,94): warning C4838: conversion from 'int' to 'const char' requires a narrowing conversion
C:\Users\Andrew\Documents\COMP535\AES\Image-Encryption-AES\Image Encryption AES\AESProject.cpp(269,94): warning C4309: 'initializing': truncation of constant value
C:\Users\Andrew\Documents\COMP535\AES\Image-Encryption-AES\Image Encryption AES\AESProject.cpp(269,100): warning C4838: conversion from 'int' to 'const char' requires a narrowing conversion
C:\Users\Andrew\Documents\COMP535\AES\Image-Encryption-AES\Image Encryption AES\AESProject.cpp(269,100): warning C4309: 'initializing': truncation of constant value
C:\Users\Andrew\Documents\COMP535\AES\Image-Encryption-AES\Image Encryption AES\AESProject.cpp(270,16): warning C4838: conversion from 'int' to 'const char' requires a narrowing conversion
C:\Users\Andrew\Documents\COMP535\AES\Image-Encryption-AES\Image Encryption AES\AESProject.cpp(270,16): warning C4309: 'initializing': truncation of constant value
C:\Users\Andrew\Documents\COMP535\AES\Image-Encryption-AES\Image Encryption AES\AESProject.cpp(270,28): warning C4838: conversion from 'int' to 'const char' requires a narrowing conversion
C:\Users\Andrew\Documents\COMP535\AES\Image-Encryption-AES\Image Encryption AES\AESProject.cpp(270,28): warning C4309: 'initializing': truncation of constant value
C:\Users\Andrew\Documents\COMP535\AES\Image-Encryption-AES\Image Encryption AES\AESProject.cpp(270,34): warning C4838: conversion from 'int' to 'const char' requires a narrowing conversion
C:\Users\Andrew\Documents\COMP535\AES\Image-Encryption-AES\Image Encryption AES\AESProject.cpp(270,34): warning C4309: 'initializing': truncation of constant value
C:\Users\Andrew\Documents\COMP535\AES\Image-Encryption-AES\Image Encryption AES\AESProject.cpp(270,40): warning C4838: conversion from 'int' to 'const char' requires a narrowing conversion
C:\Users\Andrew\Documents\COMP535\AES\Image-Encryption-AES\Image Encryption AES\AESProject.cpp(270,40): warning C4309: 'initializing': truncation of constant value
C:\Users\Andrew\Documents\COMP535\AES\Image-Encryption-AES\Image Encryption AES\AESProject.cpp(270,52): warning C4838: conversion from 'int' to 'const char' requires a narrowing conversion
C:\Users\Andrew\Documents\COMP535\AES\Image-Encryption-AES\Image Encryption AES\AESProject.cpp(270,52): warning C4309: 'initializing': truncation of constant value
C:\Users\Andrew\Documents\COMP535\AES\Image-Encryption-AES\Image Encryption AES\AESProject.cpp(270,58): warning C4838: conversion from 'int' to 'const char' requires a narrowing conversion
C:\Users\Andrew\Documents\COMP535\AES\Image-Encryption-AES\Image Encryption AES\AESProject.cpp(270,58): warning C4309: 'initializing': truncation of constant value
C:\Users\Andrew\Documents\COMP535\AES\Image-Encryption-AES\Image Encryption AES\AESProject.cpp(270,64): warning C4838: conversion from 'int' to 'const char' requires a narrowing conversion
C:\Users\Andrew\Documents\COMP535\AES\Image-Encryption-AES\Image Encryption AES\AESProject.cpp(270,64): warning C4309: 'initializing': truncation of constant value
C:\Users\Andrew\Documents\COMP535\AES\Image-Encryption-AES\Image Encryption AES\AESProject.cpp(270,70): warning C4838: conversion from 'int' to 'const char' requires a narrowing conversion
C:\Users\Andrew\Documents\COMP535\AES\Image-Encryption-AES\Image Encryption AES\AESProject.cpp(270,70): warning C4309: 'initializing': truncation of constant value
C:\Users\Andrew\Documents\COMP535\AES\Image-Encryption-AES\Image Encryption AES\AESProject.cpp(270,88): warning C4838: conversion from 'int' to 'const char' requires a narrowing conversion
C:\Users\Andrew\Documents\COMP535\AES\Image-Encryption-AES\Image Encryption AES\AESProject.cpp(270,88): warning C4309: 'initializing': truncation of constant value
C:\Users\Andrew\Documents\COMP535\AES\Image-Encryption-AES\Image Encryption AES\AESProject.cpp(270,94): warning C4838: conversion from 'int' to 'const char' requires a narrowing conversion
C:\Users\Andrew\Documents\COMP535\AES\Image-Encryption-AES\Image Encryption AES\AESProject.cpp(270,94): warning C4309: 'initializing': truncation of constant value
C:\Users\Andrew\Documents\COMP535\AES\Image-Encryption-AES\Image Encryption AES\AESProject.cpp(270,100): warning C4838: conversion from 'int' to 'const char' requires a narrowing conversion
C:\Users\Andrew\Documents\COMP535\AES\Image-Encryption-AES\Image Encryption AES\AESProject.cpp(270,100): warning C4309: 'initializing': truncation of constant value
C:\Users\Andrew\Documents\COMP535\AES\Image-Encryption-AES\Image Encryption AES\AESProject.cpp(271,10): warning C4838: conversion from 'int' to 'const char' requires a narrowing conversion
C:\Users\Andrew\Documents\COMP535\AES\Image-Encryption-AES\Image Encryption AES\AESProject.cpp(271,10): warning C4309: 'initializing': truncation of constant value
C:\Users\Andrew\Documents\COMP535\AES\Image-Encryption-AES\Image Encryption AES\AESProject.cpp(271,28): warning C4838: conversion from 'int' to 'const char' requires a narrowing conversion
C:\Users\Andrew\Documents\COMP535\AES\Image-Encryption-AES\Image Encryption AES\AESProject.cpp(271,28): warning C4309: 'initializing': truncation of constant value
C:\Users\Andrew\Documents\COMP535\AES\Image-Encryption-AES\Image Encryption AES\AESProject.cpp(271,40): warning C4838: conversion from 'int' to 'const char' requires a narrowing conversion
C:\Users\Andrew\Documents\COMP535\AES\Image-Encryption-AES\Image Encryption AES\AESProject.cpp(271,40): warning C4309: 'initializing': truncation of constant value
C:\Users\Andrew\Documents\COMP535\AES\Image-Encryption-AES\Image Encryption AES\AESProject.cpp(271,58): warning C4838: conversion from 'int' to 'const char' requires a narrowing conversion
C:\Users\Andrew\Documents\COMP535\AES\Image-Encryption-AES\Image Encryption AES\AESProject.cpp(271,58): warning C4309: 'initializing': truncation of constant value
C:\Users\Andrew\Documents\COMP535\AES\Image-Encryption-AES\Image Encryption AES\AESProject.cpp(271,64): warning C4838: conversion from 'int' to 'const char' requires a narrowing conversion
C:\Users\Andrew\Documents\COMP535\AES\Image-Encryption-AES\Image Encryption AES\AESProject.cpp(271,64): warning C4309: 'initializing': truncation of constant value
C:\Users\Andrew\Documents\COMP535\AES\Image-Encryption-AES\Image Encryption AES\AESProject.cpp(272,16): warning C4838: conversion from 'int' to 'const char' requires a narrowing conversion
C:\Users\Andrew\Documents\COMP535\AES\Image-Encryption-AES\Image Encryption AES\AESProject.cpp(272,16): warning C4309: 'initializing': truncation of constant value
C:\Users\Andrew\Documents\COMP535\AES\Image-Encryption-AES\Image Encryption AES\AESProject.cpp(272,28): warning C4838: conversion from 'int' to 'const char' requires a narrowing conversion
C:\Users\Andrew\Documents\COMP535\AES\Image-Encryption-AES\Image Encryption AES\AESProject.cpp(272,28): warning C4309: 'initializing': truncation of constant value
C:\Users\Andrew\Documents\COMP535\AES\Image-Encryption-AES\Image Encryption AES\AESProject.cpp(272,46): warning C4838: conversion from 'int' to 'const char' requires a narrowing conversion
C:\Users\Andrew\Documents\COMP535\AES\Image-Encryption-AES\Image Encryption AES\AESProject.cpp(272,46): warning C4309: 'initializing': truncation of constant value
C:\Users\Andrew\Documents\COMP535\AES\Image-Encryption-AES\Image Encryption AES\AESProject.cpp(272,52): warning C4838: conversion from 'int' to 'const char' requires a narrowing conversion
C:\Users\Andrew\Documents\COMP535\AES\Image-Encryption-AES\Image Encryption AES\AESProject.cpp(272,52): warning C4309: 'initializing': truncation of constant value
C:\Users\Andrew\Documents\COMP535\AES\Image-Encryption-AES\Image Encryption AES\AESProject.cpp(272,64): warning C4838: conversion from 'int' to 'const char' requires a narrowing conversion
C:\Users\Andrew\Documents\COMP535\AES\Image-Encryption-AES\Image Encryption AES\AESProject.cpp(272,64): warning C4309: 'initializing': truncation of constant value
C:\Users\Andrew\Documents\COMP535\AES\Image-Encryption-AES\Image Encryption AES\AESProject.cpp(272,70): warning C4838: conversion from 'int' to 'const char' requires a narrowing conversion
C:\Users\Andrew\Documents\COMP535\AES\Image-Encryption-AES\Image Encryption AES\AESProject.cpp(272,70): warning C4309: 'initializing': truncation of constant value
C:\Users\Andrew\Documents\COMP535\AES\Image-Encryption-AES\Image Encryption AES\AESProject.cpp(272,82): warning C4838: conversion from 'int' to 'const char' requires a narrowing conversion
C:\Users\Andrew\Documents\COMP535\AES\Image-Encryption-AES\Image Encryption AES\AESProject.cpp(272,82): warning C4309: 'initializing': truncation of constant value
C:\Users\Andrew\Documents\COMP535\AES\Image-Encryption-AES\Image Encryption AES\AESProject.cpp(272,100): warning C4838: conversion from 'int' to 'const char' requires a narrowing conversion
C:\Users\Andrew\Documents\COMP535\AES\Image-Encryption-AES\Image Encryption AES\AESProject.cpp(272,100): warning C4309: 'initializing': truncation of constant value
C:\Users\Andrew\Documents\COMP535\AES\Image-Encryption-AES\Image Encryption AES\AESProject.cpp(273,10): warning C4838: conversion from 'int' to 'const char' requires a narrowing conversion
C:\Users\Andrew\Documents\COMP535\AES\Image-Encryption-AES\Image Encryption AES\AESProject.cpp(273,10): warning C4309: 'initializing': truncation of constant value
C:\Users\Andrew\Documents\COMP535\AES\Image-Encryption-AES\Image Encryption AES\AESProject.cpp(273,58): warning C4838: conversion from 'int' to 'const char' requires a narrowing conversion
C:\Users\Andrew\Documents\COMP535\AES\Image-Encryption-AES\Image Encryption AES\AESProject.cpp(273,58): warning C4309: 'initializing': truncation of constant value
C:\Users\Andrew\Documents\COMP535\AES\Image-Encryption-AES\Image Encryption AES\AESProject.cpp(273,64): warning C4838: conversion from 'int' to 'const char' requires a narrowing conversion
C:\Users\Andrew\Documents\COMP535\AES\Image-Encryption-AES\Image Encryption AES\AESProject.cpp(273,64): warning C4309: 'initializing': truncation of constant value
C:\Users\Andrew\Documents\COMP535\AES\Image-Encryption-AES\Image Encryption AES\AESProject.cpp(273,70): warning C4838: conversion from 'int' to 'const char' requires a narrowing conversion
C:\Users\Andrew\Documents\COMP535\AES\Image-Encryption-AES\Image Encryption AES\AESProject.cpp(273,70): warning C4309: 'initializing': truncation of constant value
C:\Users\Andrew\Documents\COMP535\AES\Image-Encryption-AES\Image Encryption AES\AESProject.cpp(273,82): warning C4838: conversion from 'int' to 'const char' requires a narrowing conversion
C:\Users\Andrew\Documents\COMP535\AES\Image-Encryption-AES\Image Encryption AES\AESProject.cpp(273,82): warning C4309: 'initializing': truncation of constant value
C:\Users\Andrew\Documents\COMP535\AES\Image-Encryption-AES\Image Encryption AES\AESProject.cpp(273,88): warning C4838: conversion from 'int' to 'const char' requires a narrowing conversion
C:\Users\Andrew\Documents\COMP535\AES\Image-Encryption-AES\Image Encryption AES\AESProject.cpp(273,88): warning C4309: 'initializing': truncation of constant value
C:\Users\Andrew\Documents\COMP535\AES\Image-Encryption-AES\Image Encryption AES\AESProject.cpp(273,94): warning C4838: conversion from 'int' to 'const char' requires a narrowing conversion
C:\Users\Andrew\Documents\COMP535\AES\Image-Encryption-AES\Image Encryption AES\AESProject.cpp(273,94): warning C4309: 'initializing': truncation of constant value
C:\Users\Andrew\Documents\COMP535\AES\Image-Encryption-AES\Image Encryption AES\AESProject.cpp(274,10): warning C4838: conversion from 'int' to 'const char' requires a narrowing conversion
C:\Users\Andrew\Documents\COMP535\AES\Image-Encryption-AES\Image Encryption AES\AESProject.cpp(274,10): warning C4309: 'initializing': truncation of constant value
C:\Users\Andrew\Documents\COMP535\AES\Image-Encryption-AES\Image Encryption AES\AESProject.cpp(274,16): warning C4838: conversion from 'int' to 'const char' requires a narrowing conversion
C:\Users\Andrew\Documents\COMP535\AES\Image-Encryption-AES\Image Encryption AES\AESProject.cpp(274,16): warning C4309: 'initializing': truncation of constant value
C:\Users\Andrew\Documents\COMP535\AES\Image-Encryption-AES\Image Encryption AES\AESProject.cpp(274,34): warning C4838: conversion from 'int' to 'const char' requires a narrowing conversion
C:\Users\Andrew\Documents\COMP535\AES\Image-Encryption-AES\Image Encryption AES\AESProject.cpp(274,34): warning C4309: 'initializing': truncation of constant value
C:\Users\Andrew\Documents\COMP535\AES\Image-Encryption-AES\Image Encryption AES\AESProject.cpp(274,40): warning C4838: conversion from 'int' to 'const char' requires a narrowing conversion
C:\Users\Andrew\Documents\COMP535\AES\Image-Encryption-AES\Image Encryption AES\AESProject.cpp(274,40): warning C4309: 'initializing': truncation of constant value
C:\Users\Andrew\Documents\COMP535\AES\Image-Encryption-AES\Image Encryption AES\AESProject.cpp(274,52): warning C4838: conversion from 'int' to 'const char' requires a narrowing conversion
C:\Users\Andrew\Documents\COMP535\AES\Image-Encryption-AES\Image Encryption AES\AESProject.cpp(274,52): warning C4309: 'initializing': truncation of constant value
C:\Users\Andrew\Documents\COMP535\AES\Image-Encryption-AES\Image Encryption AES\AESProject.cpp(274,70): warning C4838: conversion from 'int' to 'const char' requires a narrowing conversion
C:\Users\Andrew\Documents\COMP535\AES\Image-Encryption-AES\Image Encryption AES\AESProject.cpp(274,70): warning C4309: 'initializing': truncation of constant value
C:\Users\Andrew\Documents\COMP535\AES\Image-Encryption-AES\Image Encryption AES\AESProject.cpp(274,76): warning C4838: conversion from 'int' to 'const char' requires a narrowing conversion
C:\Users\Andrew\Documents\COMP535\AES\Image-Encryption-AES\Image Encryption AES\AESProject.cpp(274,76): warning C4309: 'initializing': truncation of constant value
C:\Users\Andrew\Documents\COMP535\AES\Image-Encryption-AES\Image Encryption AES\AESProject.cpp(274,94): warning C4838: conversion from 'int' to 'const char' requires a narrowing conversion
C:\Users\Andrew\Documents\COMP535\AES\Image-Encryption-AES\Image Encryption AES\AESProject.cpp(274,94): warning C4309: 'initializing': truncation of constant value
C:\Users\Andrew\Documents\COMP535\AES\Image-Encryption-AES\Image Encryption AES\AESProject.cpp(275,10): warning C4838: conversion from 'int' to 'const char' requires a narrowing conversion
C:\Users\Andrew\Documents\COMP535\AES\Image-Encryption-AES\Image Encryption AES\AESProject.cpp(275,10): warning C4309: 'initializing': truncation of constant value
C:\Users\Andrew\Documents\COMP535\AES\Image-Encryption-AES\Image Encryption AES\AESProject.cpp(275,40): warning C4838: conversion from 'int' to 'const char' requires a narrowing conversion
C:\Users\Andrew\Documents\COMP535\AES\Image-Encryption-AES\Image Encryption AES\AESProject.cpp(275,40): warning C4309: 'initializing': truncation of constant value
C:\Users\Andrew\Documents\COMP535\AES\Image-Encryption-AES\Image Encryption AES\AESProject.cpp(275,46): warning C4838: conversion from 'int' to 'const char' requires a narrowing conversion
C:\Users\Andrew\Documents\COMP535\AES\Image-Encryption-AES\Image Encryption AES\AESProject.cpp(275,46): warning C4309: 'initializing': truncation of constant value
C:\Users\Andrew\Documents\COMP535\AES\Image-Encryption-AES\Image Encryption AES\AESProject.cpp(275,52): warning C4838: conversion from 'int' to 'const char' requires a narrowing conversion
C:\Users\Andrew\Documents\COMP535\AES\Image-Encryption-AES\Image Encryption AES\AESProject.cpp(275,52): warning C4309: 'initializing': truncation of constant value
C:\Users\Andrew\Documents\COMP535\AES\Image-Encryption-AES\Image Encryption AES\AESProject.cpp(275,58): warning C4838: conversion from 'int' to 'const char' requires a narrowing conversion
C:\Users\Andrew\Documents\COMP535\AES\Image-Encryption-AES\Image Encryption AES\AESProject.cpp(275,58): warning C4309: 'initializing': truncation of constant value
C:\Users\Andrew\Documents\COMP535\AES\Image-Encryption-AES\Image Encryption AES\AESProject.cpp(275,64): warning C4838: conversion from 'int' to 'const char' requires a narrowing conversion
C:\Users\Andrew\Documents\COMP535\AES\Image-Encryption-AES\Image Encryption AES\AESProject.cpp(275,64): warning C4309: 'initializing': truncation of constant value
C:\Users\Andrew\Documents\COMP535\AES\Image-Encryption-AES\Image Encryption AES\AESProject.cpp(275,88): warning C4838: conversion from 'int' to 'const char' requires a narrowing conversion
C:\Users\Andrew\Documents\COMP535\AES\Image-Encryption-AES\Image Encryption AES\AESProject.cpp(275,88): warning C4309: 'initializing': truncation of constant value
C:\Users\Andrew\Documents\COMP535\AES\Image-Encryption-AES\Image Encryption AES\AESProject.cpp(275,94): warning C4838: conversion from 'int' to 'const char' requires a narrowing conversion
C:\Users\Andrew\Documents\COMP535\AES\Image-Encryption-AES\Image Encryption AES\AESProject.cpp(275,94): warning C4309: 'initializing': truncation of constant value
C:\Users\Andrew\Documents\COMP535\AES\Image-Encryption-AES\Image Encryption AES\AESProject.cpp(275,100): warning C4838: conversion from 'int' to 'const char' requires a narrowing conversion
C:\Users\Andrew\Documents\COMP535\AES\Image-Encryption-AES\Image Encryption AES\AESProject.cpp(275,100): warning C4309: 'initializing': truncation of constant value
C:\Users\Andrew\Documents\COMP535\AES\Image-Encryption-AES\Image Encryption AES\AESProject.cpp(276,22): warning C4838: conversion from 'int' to 'const char' requires a narrowing conversion
C:\Users\Andrew\Documents\COMP535\AES\Image-Encryption-AES\Image Encryption AES\AESProject.cpp(276,22): warning C4309: 'initializing': truncation of constant value
C:\Users\Andrew\Documents\COMP535\AES\Image-Encryption-AES\Image Encryption AES\AESProject.cpp(276,46): warning C4838: conversion from 'int' to 'const char' requires a narrowing conversion
C:\Users\Andrew\Documents\COMP535\AES\Image-Encryption-AES\Image Encryption AES\AESProject.cpp(276,46): warning C4309: 'initializing': truncation of constant value
C:\Users\Andrew\Documents\COMP535\AES\Image-Encryption-AES\Image Encryption AES\AESProject.cpp(276,76): warning C4838: conversion from 'int' to 'const char' requires a narrowing conversion
C:\Users\Andrew\Documents\COMP535\AES\Image-Encryption-AES\Image Encryption AES\AESProject.cpp(276,76): warning C4309: 'initializing': truncation of constant value
C:\Users\Andrew\Documents\COMP535\AES\Image-Encryption-AES\Image Encryption AES\AESProject.cpp(276,82): warning C4838: conversion from 'int' to 'const char' requires a narrowing conversion
C:\Users\Andrew\Documents\COMP535\AES\Image-Encryption-AES\Image Encryption AES\AESProject.cpp(276,82): warning C4309: 'initializing': truncation of constant value
C:\Users\Andrew\Documents\COMP535\AES\Image-Encryption-AES\Image Encryption AES\AESProject.cpp(276,88): warning C4838: conversion from 'int' to 'const char' requires a narrowing conversion
C:\Users\Andrew\Documents\COMP535\AES\Image-Encryption-AES\Image Encryption AES\AESProject.cpp(276,88): warning C4309: 'initializing': truncation of constant value
C:\Users\Andrew\Documents\COMP535\AES\Image-Encryption-AES\Image Encryption AES\AESProject.cpp(276,100): warning C4838: conversion from 'int' to 'const char' requires a narrowing conversion
C:\Users\Andrew\Documents\COMP535\AES\Image-Encryption-AES\Image Encryption AES\AESProject.cpp(276,100): warning C4309: 'initializing': truncation of constant value
C:\Users\Andrew\Documents\COMP535\AES\Image-Encryption-AES\Image Encryption AES\AESProject.cpp(277,10): warning C4838: conversion from 'int' to 'const char' requires a narrowing conversion
C:\Users\Andrew\Documents\COMP535\AES\Image-Encryption-AES\Image Encryption AES\AESProject.cpp(277,10): warning C4309: 'initializing': truncation of constant value
C:\Users\Andrew\Documents\COMP535\AES\Image-Encryption-AES\Image Encryption AES\AESProject.cpp(277,16): warning C4838: conversion from 'int' to 'const char' requires a narrowing conversion
C:\Users\Andrew\Documents\COMP535\AES\Image-Encryption-AES\Image Encryption AES\AESProject.cpp(277,16): warning C4309: 'initializing': truncation of constant value
C:\Users\Andrew\Documents\COMP535\AES\Image-Encryption-AES\Image Encryption AES\AESProject.cpp(277,22): warning C4838: conversion from 'int' to 'const char' requires a narrowing conversion
C:\Users\Andrew\Documents\COMP535\AES\Image-Encryption-AES\Image Encryption AES\AESProject.cpp(277,22): warning C4309: 'initializing': truncation of constant value
C:\Users\Andrew\Documents\COMP535\AES\Image-Encryption-AES\Image Encryption AES\AESProject.cpp(277,40): warning C4838: conversion from 'int' to 'const char' requires a narrowing conversion
C:\Users\Andrew\Documents\COMP535\AES\Image-Encryption-AES\Image Encryption AES\AESProject.cpp(277,40): warning C4309: 'initializing': truncation of constant value
C:\Users\Andrew\Documents\COMP535\AES\Image-Encryption-AES\Image Encryption AES\AESProject.cpp(277,46): warning C4838: conversion from 'int' to 'const char' requires a narrowing conversion
C:\Users\Andrew\Documents\COMP535\AES\Image-Encryption-AES\Image Encryption AES\AESProject.cpp(277,46): warning C4309: 'initializing': truncation of constant value
C:\Users\Andrew\Documents\COMP535\AES\Image-Encryption-AES\Image Encryption AES\AESProject.cpp(277,52): warning C4838: conversion from 'int' to 'const char' requires a narrowing conversion
C:\Users\Andrew\Documents\COMP535\AES\Image-Encryption-AES\Image Encryption AES\AESProject.cpp(277,52): warning C4309: 'initializing': truncation of constant value
C:\Users\Andrew\Documents\COMP535\AES\Image-Encryption-AES\Image Encryption AES\AESProject.cpp(277,58): warning C4838: conversion from 'int' to 'const char' requires a narrowing conversion
C:\Users\Andrew\Documents\COMP535\AES\Image-Encryption-AES\Image Encryption AES\AESProject.cpp(277,58): warning C4309: 'initializing': truncation of constant value
C:\Users\Andrew\Documents\COMP535\AES\Image-Encryption-AES\Image Encryption AES\AESProject.cpp(277,70): warning C4838: conversion from 'int' to 'const char' requires a narrowing conversion
C:\Users\Andrew\Documents\COMP535\AES\Image-Encryption-AES\Image Encryption AES\AESProject.cpp(277,70): warning C4309: 'initializing': truncation of constant value
C:\Users\Andrew\Documents\COMP535\AES\Image-Encryption-AES\Image Encryption AES\AESProject.cpp(277,76): warning C4838: conversion from 'int' to 'const char' requires a narrowing conversion
C:\Users\Andrew\Documents\COMP535\AES\Image-Encryption-AES\Image Encryption AES\AESProject.cpp(277,76): warning C4309: 'initializing': truncation of constant value
C:\Users\Andrew\Documents\COMP535\AES\Image-Encryption-AES\Image Encryption AES\AESProject.cpp(277,82): warning C4838: conversion from 'int' to 'const char' requires a narrowing conversion
C:\Users\Andrew\Documents\COMP535\AES\Image-Encryption-AES\Image Encryption AES\AESProject.cpp(277,82): warning C4309: 'initializing': truncation of constant value
C:\Users\Andrew\Documents\COMP535\AES\Image-Encryption-AES\Image Encryption AES\AESProject.cpp(277,100): warning C4838: conversion from 'int' to 'const char' requires a narrowing conversion
C:\Users\Andrew\Documents\COMP535\AES\Image-Encryption-AES\Image Encryption AES\AESProject.cpp(277,100): warning C4309: 'initializing': truncation of constant value
C:\Users\Andrew\Documents\COMP535\AES\Image-Encryption-AES\Image Encryption AES\AESProject.cpp(278,10): warning C4838: conversion from 'int' to 'const char' requires a narrowing conversion
C:\Users\Andrew\Documents\COMP535\AES\Image-Encryption-AES\Image Encryption AES\AESProject.cpp(278,10): warning C4309: 'initializing': truncation of constant value
C:\Users\Andrew\Documents\COMP535\AES\Image-Encryption-AES\Image Encryption AES\AESProject.cpp(278,16): warning C4838: conversion from 'int' to 'const char' requires a narrowing conversion
C:\Users\Andrew\Documents\COMP535\AES\Image-Encryption-AES\Image Encryption AES\AESProject.cpp(278,16): warning C4309: 'initializing': truncation of constant value
C:\Users\Andrew\Documents\COMP535\AES\Image-Encryption-AES\Image Encryption AES\AESProject.cpp(278,22): warning C4838: conversion from 'int' to 'const char' requires a narrowing conversion
C:\Users\Andrew\Documents\COMP535\AES\Image-Encryption-AES\Image Encryption AES\AESProject.cpp(278,22): warning C4309: 'initializing': truncation of constant value
C:\Users\Andrew\Documents\COMP535\AES\Image-Encryption-AES\Image Encryption AES\AESProject.cpp(278,34): warning C4838: conversion from 'int' to 'const char' requires a narrowing conversion
C:\Users\Andrew\Documents\COMP535\AES\Image-Encryption-AES\Image Encryption AES\AESProject.cpp(278,34): warning C4309: 'initializing': truncation of constant value
C:\Users\Andrew\Documents\COMP535\AES\Image-Encryption-AES\Image Encryption AES\AESProject.cpp(278,40): warning C4838: conversion from 'int' to 'const char' requires a narrowing conversion
C:\Users\Andrew\Documents\COMP535\AES\Image-Encryption-AES\Image Encryption AES\AESProject.cpp(278,40): warning C4309: 'initializing': truncation of constant value
C:\Users\Andrew\Documents\COMP535\AES\Image-Encryption-AES\Image Encryption AES\AESProject.cpp(278,64): warning C4838: conversion from 'int' to 'const char' requires a narrowing conversion
C:\Users\Andrew\Documents\COMP535\AES\Image-Encryption-AES\Image Encryption AES\AESProject.cpp(278,64): warning C4309: 'initializing': truncation of constant value
C:\Users\Andrew\Documents\COMP535\AES\Image-Encryption-AES\Image Encryption AES\AESProject.cpp(278,82): warning C4838: conversion from 'int' to 'const char' requires a narrowing conversion
C:\Users\Andrew\Documents\COMP535\AES\Image-Encryption-AES\Image Encryption AES\AESProject.cpp(278,82): warning C4309: 'initializing': truncation of constant value
C:\Users\Andrew\Documents\COMP535\AES\Image-Encryption-AES\Image Encryption AES\AESProject.cpp(278,94): warning C4838: conversion from 'int' to 'const char' requires a narrowing conversion
C:\Users\Andrew\Documents\COMP535\AES\Image-Encryption-AES\Image Encryption AES\AESProject.cpp(278,94): warning C4309: 'initializing': truncation of constant value
C:\Users\Andrew\Documents\COMP535\AES\Image-Encryption-AES\Image Encryption AES\AESProject.cpp(296,44): warning C4267: 'initializing': conversion from 'size_t' to 'int', possible loss of data
  Image Encryption AES.vcxproj -> C:\Users\Andrew\Documents\COMP535\AES\Image-Encryption-AES\x64\Debug\Image Encryption AES.exe
